0 info it worked if it ends with ok
1 verbose cli [ '/Users/sunghcho/.nvm/versions/node/v7.5.0/bin/node',
1 verbose cli   '/Users/sunghcho/.nvm/versions/node/v7.5.0/bin/npm',
1 verbose cli   'run',
1 verbose cli   'open:src' ]
2 info using npm@4.1.2
3 info using node@v7.5.0
4 verbose run-script [ 'preopen:src', 'open:src', 'postopen:src' ]
5 info lifecycle webpack-tutorial@1.0.0~preopen:src: webpack-tutorial@1.0.0
6 silly lifecycle webpack-tutorial@1.0.0~preopen:src: no script for preopen:src, continuing
7 info lifecycle webpack-tutorial@1.0.0~open:src: webpack-tutorial@1.0.0
8 verbose lifecycle webpack-tutorial@1.0.0~open:src: unsafe-perm in lifecycle true
9 verbose lifecycle webpack-tutorial@1.0.0~open:src: PATH: /Users/sunghcho/.nvm/versions/node/v7.5.0/lib/node_modules/npm/bin/node-gyp-bin:/Users/sunghcho/Documents/react-workspace/webpack-tutorial/node_modules/.bin:/Users/sunghcho/.nvm/versions/node/v7.5.0/bin:/usr/local/bin:/usr/bin:/bin:/usr/sbin:/sbin:/usr/local/go/bin
10 verbose lifecycle webpack-tutorial@1.0.0~open:src: CWD: /Users/sunghcho/Documents/react-workspace/webpack-tutorial
11 silly lifecycle webpack-tutorial@1.0.0~open:src: Args: [ '-c', 'babel-node tools/srcServer.js' ]
12 silly lifecycle webpack-tutorial@1.0.0~open:src: Returned: code: 1  signal: null
13 info lifecycle webpack-tutorial@1.0.0~open:src: Failed to exec open:src script
14 verbose stack Error: webpack-tutorial@1.0.0 open:src: `babel-node tools/srcServer.js`
14 verbose stack Exit status 1
14 verbose stack     at EventEmitter.<anonymous> (/Users/sunghcho/.nvm/versions/node/v7.5.0/lib/node_modules/npm/lib/utils/lifecycle.js:279:16)
14 verbose stack     at emitTwo (events.js:106:13)
14 verbose stack     at EventEmitter.emit (events.js:192:7)
14 verbose stack     at ChildProcess.<anonymous> (/Users/sunghcho/.nvm/versions/node/v7.5.0/lib/node_modules/npm/lib/utils/spawn.js:40:14)
14 verbose stack     at emitTwo (events.js:106:13)
14 verbose stack     at ChildProcess.emit (events.js:192:7)
14 verbose stack     at maybeClose (internal/child_process.js:890:16)
14 verbose stack     at Process.ChildProcess._handle.onexit (internal/child_process.js:226:5)
15 verbose pkgid webpack-tutorial@1.0.0
16 verbose cwd /Users/sunghcho/Documents/react-workspace/webpack-tutorial
17 error Darwin 15.6.0
18 error argv "/Users/sunghcho/.nvm/versions/node/v7.5.0/bin/node" "/Users/sunghcho/.nvm/versions/node/v7.5.0/bin/npm" "run" "open:src"
19 error node v7.5.0
20 error npm  v4.1.2
21 error code ELIFECYCLE
22 error webpack-tutorial@1.0.0 open:src: `babel-node tools/srcServer.js`
22 error Exit status 1
23 error Failed at the webpack-tutorial@1.0.0 open:src script 'babel-node tools/srcServer.js'.
23 error Make sure you have the latest version of node.js and npm installed.
23 error If you do, this is most likely a problem with the webpack-tutorial package,
23 error not with npm itself.
23 error Tell the author that this fails on your system:
23 error     babel-node tools/srcServer.js
23 error You can get information on how to open an issue for this project with:
23 error     npm bugs webpack-tutorial
23 error Or if that isn't available, you can get their info via:
23 error     npm owner ls webpack-tutorial
23 error There is likely additional logging output above.
24 verbose exit [ 1, true ]
